Performing C SOURCE FILE Test CMAKE_HAVE_LIBC_PTHREAD failed with the following output:
Change Dir: /home/thattori/capstone/F1Tenth/velma/build/CMakeFiles/CMakeTmp

Run Build Command(s):/usr/bin/make cmTC_23e84/fast && /usr/bin/make -f CMakeFiles/cmTC_23e84.dir/build.make CMakeFiles/cmTC_23e84.dir/build
make[1]: Entering directory '/home/thattori/capstone/F1Tenth/velma/build/CMakeFiles/CMakeTmp'
Building C object CMakeFiles/cmTC_23e84.dir/src.c.o
/usr/bin/cc   -DCMAKE_HAVE_LIBC_PTHREAD   -o CMakeFiles/cmTC_23e84.dir/src.c.o   -c /home/thattori/capstone/F1Tenth/velma/build/CMakeFiles/CMakeTmp/src.c
Linking C executable cmTC_23e84
/usr/bin/cmake -E cmake_link_script CMakeFiles/cmTC_23e84.dir/link.txt --verbose=1
/usr/bin/cc  -DCMAKE_HAVE_LIBC_PTHREAD    -rdynamic CMakeFiles/cmTC_23e84.dir/src.c.o  -o cmTC_23e84 
/usr/bin/ld: CMakeFiles/cmTC_23e84.dir/src.c.o: in function `main':
src.c:(.text+0x46): undefined reference to `pthread_create'
/usr/bin/ld: src.c:(.text+0x52): undefined reference to `pthread_detach'
/usr/bin/ld: src.c:(.text+0x63): undefined reference to `pthread_join'
collect2: error: ld returned 1 exit status
make[1]: *** [CMakeFiles/cmTC_23e84.dir/build.make:87: cmTC_23e84] Error 1
make[1]: Leaving directory '/home/thattori/capstone/F1Tenth/velma/build/CMakeFiles/CMakeTmp'
make: *** [Makefile:121: cmTC_23e84/fast] Error 2


Source file was:
#include <pthread.h>

void* test_func(void* data)
{
  return data;
}

int main(void)
{
  pthread_t thread;
  pthread_create(&thread, NULL, test_func, NULL);
  pthread_detach(thread);
  pthread_join(thread, NULL);
  pthread_atfork(NULL, NULL, NULL);
  pthread_exit(NULL);

  return 0;
}

Determining if the function pthread_create exists in the pthreads failed with the following output:
Change Dir: /home/thattori/capstone/F1Tenth/velma/build/CMakeFiles/CMakeTmp

Run Build Command(s):/usr/bin/make cmTC_1e9ad/fast && /usr/bin/make -f CMakeFiles/cmTC_1e9ad.dir/build.make CMakeFiles/cmTC_1e9ad.dir/build
make[1]: Entering directory '/home/thattori/capstone/F1Tenth/velma/build/CMakeFiles/CMakeTmp'
Building C object CMakeFiles/cmTC_1e9ad.dir/CheckFunctionExists.c.o
/usr/bin/cc   -DCHECK_FUNCTION_EXISTS=pthread_create   -o CMakeFiles/cmTC_1e9ad.dir/CheckFunctionExists.c.o   -c /usr/share/cmake-3.16/Modules/CheckFunctionExists.c
Linking C executable cmTC_1e9ad
/usr/bin/cmake -E cmake_link_script CMakeFiles/cmTC_1e9ad.dir/link.txt --verbose=1
/usr/bin/cc  -DCHECK_FUNCTION_EXISTS=pthread_create    -rdynamic CMakeFiles/cmTC_1e9ad.dir/CheckFunctionExists.c.o  -o cmTC_1e9ad  -lpthreads 
/usr/bin/ld: cannot find -lpthreads
collect2: error: ld returned 1 exit status
make[1]: *** [CMakeFiles/cmTC_1e9ad.dir/build.make:87: cmTC_1e9ad] Error 1
make[1]: Leaving directory '/home/thattori/capstone/F1Tenth/velma/build/CMakeFiles/CMakeTmp'
make: *** [Makefile:121: cmTC_1e9ad/fast] Error 2



Determining if the function sgemm_ exists failed with the following output:
Change Dir: /home/thattori/capstone/F1Tenth/velma/build/CMakeFiles/CMakeTmp

Run Build Command(s):/usr/bin/make cmTC_f3d98/fast && /usr/bin/make -f CMakeFiles/cmTC_f3d98.dir/build.make CMakeFiles/cmTC_f3d98.dir/build
make[1]: Entering directory '/home/thattori/capstone/F1Tenth/velma/build/CMakeFiles/CMakeTmp'
Building C object CMakeFiles/cmTC_f3d98.dir/CheckFunctionExists.c.o
/usr/bin/cc   -DCHECK_FUNCTION_EXISTS=sgemm_   -o CMakeFiles/cmTC_f3d98.dir/CheckFunctionExists.c.o   -c /usr/share/cmake-3.16/Modules/CheckFunctionExists.c
Linking C executable cmTC_f3d98
/usr/bin/cmake -E cmake_link_script CMakeFiles/cmTC_f3d98.dir/link.txt --verbose=1
/usr/bin/cc  -DCHECK_FUNCTION_EXISTS=sgemm_    CMakeFiles/cmTC_f3d98.dir/CheckFunctionExists.c.o  -o cmTC_f3d98 
/usr/bin/ld: CMakeFiles/cmTC_f3d98.dir/CheckFunctionExists.c.o: in function `main':
CheckFunctionExists.c:(.text+0x14): undefined reference to `sgemm_'
collect2: error: ld returned 1 exit status
make[1]: *** [CMakeFiles/cmTC_f3d98.dir/build.make:87: cmTC_f3d98] Error 1
make[1]: Leaving directory '/home/thattori/capstone/F1Tenth/velma/build/CMakeFiles/CMakeTmp'
make: *** [Makefile:121: cmTC_f3d98/fast] Error 2



Determining if the function cheev_ exists failed with the following output:
Change Dir: /home/thattori/capstone/F1Tenth/velma/build/CMakeFiles/CMakeTmp

Run Build Command(s):/usr/bin/make cmTC_589cd/fast && /usr/bin/make -f CMakeFiles/cmTC_589cd.dir/build.make CMakeFiles/cmTC_589cd.dir/build
make[1]: Entering directory '/home/thattori/capstone/F1Tenth/velma/build/CMakeFiles/CMakeTmp'
Building C object CMakeFiles/cmTC_589cd.dir/CheckFunctionExists.c.o
/usr/bin/cc   -DCHECK_FUNCTION_EXISTS=cheev_   -o CMakeFiles/cmTC_589cd.dir/CheckFunctionExists.c.o   -c /usr/share/cmake-3.16/Modules/CheckFunctionExists.c
Linking C executable cmTC_589cd
/usr/bin/cmake -E cmake_link_script CMakeFiles/cmTC_589cd.dir/link.txt --verbose=1
/usr/bin/cc  -DCHECK_FUNCTION_EXISTS=cheev_    CMakeFiles/cmTC_589cd.dir/CheckFunctionExists.c.o  -o cmTC_589cd  /usr/lib/x86_64-linux-gnu/libblas.so 
/usr/bin/ld: CMakeFiles/cmTC_589cd.dir/CheckFunctionExists.c.o: in function `main':
CheckFunctionExists.c:(.text+0x14): undefined reference to `cheev_'
collect2: error: ld returned 1 exit status
make[1]: *** [CMakeFiles/cmTC_589cd.dir/build.make:88: cmTC_589cd] Error 1
make[1]: Leaving directory '/home/thattori/capstone/F1Tenth/velma/build/CMakeFiles/CMakeTmp'
make: *** [Makefile:121: cmTC_589cd/fast] Error 2



